#! /c/Source/iverilog-install/bin/vvp
:ivl_version "12.0 (devel)" "(s20150603-1539-g2693dd32b)";
:ivl_delay_selection "TYPICAL";
:vpi_time_precision + 0;
:vpi_module "C:\iverilog\lib\ivl\system.vpi";
:vpi_module "C:\iverilog\lib\ivl\vhdl_sys.vpi";
:vpi_module "C:\iverilog\lib\ivl\vhdl_textio.vpi";
:vpi_module "C:\iverilog\lib\ivl\v2005_math.vpi";
:vpi_module "C:\iverilog\lib\ivl\va_math.vpi";
S_000001eb69fd2ce0 .scope module, "relu_activation" "relu_activation" 2 1;
 .timescale 0 0;
    .port_info 0 /INPUT 18 "input_val";
    .port_info 1 /OUTPUT 18 "output_val";
L_000001eb6a047ff8 .functor BUFT 1, C4<0>, C4<0>, C4<0>, C4<0>;
L_000001eb69fbef50 .functor XNOR 1, L_000001eb69fbeab0, L_000001eb6a047ff8, C4<0>, C4<0>;
v000001eb69fd2e70_0 .net *"_ivl_1", 0 0, L_000001eb69fbeab0;  1 drivers
v000001eb69fd2f10_0 .net/2u *"_ivl_2", 0 0, L_000001eb6a047ff8;  1 drivers
v000001eb69fd2fb0_0 .net *"_ivl_4", 0 0, L_000001eb69fbef50;  1 drivers
L_000001eb6a048040 .functor BUFT 1, C4<000000000000000000>, C4<0>, C4<0>, C4<0>;
v000001eb69fd3050_0 .net/2u *"_ivl_6", 17 0, L_000001eb6a048040;  1 drivers
o000001eb6a007048 .functor BUFZ 18, C4<zzzzzzzzzzzzzzzzzz>; HiZ drive
v000001eb69fd30f0_0 .net "input_val", 17 0, o000001eb6a007048;  0 drivers
v000001eb69fbea10_0 .net "output_val", 17 0, L_000001eb6a002850;  1 drivers
L_000001eb69fbeab0 .part o000001eb6a007048, 17, 1;
L_000001eb6a002850 .functor MUXZ 18, L_000001eb6a048040, o000001eb6a007048, L_000001eb69fbef50, C4<>;
# The file index is used to find the file name in the following table.
:file_names 3;
    "N/A";
    "<interactive>";
    "relu_activation.v";
